# JRE version: Java(TM) SE Runtime Environment (17.0.12+8) (build 17.0.12+8-LTS-286)
# Java VM: Java HotSpot(TM) 64-Bit Server VM (17.0.12+8-LTS-286, mixed mode, sharing, tiered, compressed oops, compressed class ptrs, g1 gc, linux-amd64)
GC Precious Log:
 CPUs: 16 total, 16 available
 Memory: 7572M
 Large Page Support: Disabled
 NUMA Support: Disabled
 Compressed Oops: Enabled (32-bit)
 Heap Region Size: 1M
 Heap Min Capacity: 8M
 Heap Initial Capacity: 120M
 Heap Max Capacity: 1894M
 Pre-touch: Disabled
 Parallel Workers: 13
 Concurrent Workers: 3
 Concurrent Refinement Workers: 13
 Periodic GC: Disabled
Heap:
 garbage-first heap   total 148480K, used 74760K [0x0000000089a00000, 0x0000000100000000)
  region size 1024K, 25 young (25600K), 2 survivors (2048K)
 Metaspace       used 56863K, committed 57280K, reserved 1114112K
  class space    used 7090K, committed 7296K, reserved 1048576K
GC Heap History (20 events):
Event: 16.780 GC heap before
{Heap before GC invocations=6 (full 0):
 garbage-first heap   total 71680K, used 35919K [0x0000000089a00000, 0x0000000100000000)
  region size 1024K, 7 young (7168K), 1 survivors (1024K)
 Metaspace       used 32226K, committed 32512K, reserved 1114112K
  class space    used 4292K, committed 4416K, reserved 1048576K
}
Event: 16.783 GC heap after
{Heap after GC invocations=7 (full 0):
 garbage-first heap   total 71680K, used 32052K [0x0000000089a00000, 0x0000000100000000)
  region size 1024K, 3 young (3072K), 3 survivors (3072K)
 Metaspace       used 32226K, committed 32512K, reserved 1114112K
  class space    used 4292K, committed 4416K, reserved 1048576K
}
Event: 16.806 GC heap before
{Heap before GC invocations=7 (full 0):
 garbage-first heap   total 71680K, used 37172K [0x0000000089a00000, 0x0000000100000000)
  region size 1024K, 7 young (7168K), 3 survivors (3072K)
 Metaspace       used 32294K, committed 32512K, reserved 1114112K
  class space    used 4292K, committed 4416K, reserved 1048576K
}
Event: 16.808 GC heap after
{Heap after GC invocations=8 (full 0):
 garbage-first heap   total 71680K, used 35445K [0x0000000089a00000, 0x0000000100000000)
  region size 1024K, 2 young (2048K), 2 survivors (2048K)
 Metaspace       used 32294K, committed 32512K, reserved 1114112K
  class space    used 4292K, committed 4416K, reserved 1048576K
}
Event: 23.598 GC heap before
{Heap before GC invocations=9 (full 0):
 garbage-first heap   total 71680K, used 56949K [0x0000000089a00000, 0x0000000100000000)
  region size 1024K, 17 young (17408K), 2 survivors (2048K)
 Metaspace       used 33023K, committed 33408K, reserved 1114112K
  class space    used 4401K, committed 4608K, reserved 1048576K
}
Event: 23.601 GC heap after
{Heap after GC invocations=10 (full 0):
 garbage-first heap   total 71680K, used 45291K [0x0000000089a00000, 0x0000000100000000)
  region size 1024K, 3 young (3072K), 3 survivors (3072K)
 Metaspace       used 33023K, committed 33408K, reserved 1114112K
  class space    used 4401K, committed 4608K, reserved 1048576K
}
Event: 23.614 GC heap before
{Heap before GC invocations=10 (full 0):
 garbage-first heap   total 71680K, used 48363K [0x0000000089a00000, 0x0000000100000000)
  region size 1024K, 4 young (4096K), 3 survivors (3072K)
 Metaspace       used 33033K, committed 33408K, reserved 1114112K
  class space    used 4401K, committed 4608K, reserved 1048576K
}
Event: 23.617 GC heap after
{Heap after GC invocations=11 (full 0):
 garbage-first heap   total 71680K, used 47784K [0x0000000089a00000, 0x0000000100000000)
  region size 1024K, 1 young (1024K), 1 survivors (1024K)
 Metaspace       used 33033K, committed 33408K, reserved 1114112K
  class space    used 4401K, committed 4608K, reserved 1048576K
}
Event: 23.655 GC heap before
{Heap before GC invocations=11 (full 0):
 garbage-first heap   total 71680K, used 50856K [0x0000000089a00000, 0x0000000100000000)
  region size 1024K, 5 young (5120K), 1 survivors (1024K)
 Metaspace       used 33072K, committed 33472K, reserved 1114112K
  class space    used 4401K, committed 4608K, reserved 1048576K
}
Event: 23.657 GC heap after
{Heap after GC invocations=12 (full 0):
 garbage-first heap   total 148480K, used 49062K [0x0000000089a00000, 0x0000000100000000)
  region size 1024K, 2 young (2048K), 2 survivors (2048K)
 Metaspace       used 33072K, committed 33472K, reserved 1114112K
  class space    used 4401K, committed 4608K, reserved 1048576K
}
Event: 45.832 GC heap before
{Heap before GC invocations=12 (full 0):
 garbage-first heap   total 148480K, used 104358K [0x0000000089a00000, 0x0000000100000000)
  region size 1024K, 48 young (49152K), 2 survivors (2048K)
 Metaspace       used 39501K, committed 39808K, reserved 1114112K
  class space    used 5115K, committed 5248K, reserved 1048576K
}
Event: 45.838 GC heap after
{Heap after GC invocations=13 (full 0):
 garbage-first heap   total 148480K, used 64675K [0x0000000089a00000, 0x0000000100000000)
  region size 1024K, 6 young (6144K), 6 survivors (6144K)
 Metaspace       used 39501K, committed 39808K, reserved 1114112K
  class space    used 5115K, committed 5248K, reserved 1048576K
}
Event: 46.309 GC heap before
{Heap before GC invocations=13 (full 0):
 garbage-first heap   total 148480K, used 96419K [0x0000000089a00000, 0x0000000100000000)
  region size 1024K, 39 young (39936K), 6 survivors (6144K)
 Metaspace       used 54000K, committed 54336K, reserved 1114112K
  class space    used 6871K, committed 7040K, reserved 1048576K
}
Event: 46.316 GC heap after
{Heap after GC invocations=14 (full 0):
 garbage-first heap   total 148480K, used 69550K [0x0000000089a00000, 0x0000000100000000)
  region size 1024K, 5 young (5120K), 5 survivors (5120K)
 Metaspace       used 54000K, committed 54336K, reserved 1114112K
  class space    used 6871K, committed 7040K, reserved 1048576K
}
Event: 78.264 GC heap before
{Heap before GC invocations=15 (full 0):
 garbage-first heap   total 148480K, used 102318K [0x0000000089a00000, 0x0000000100000000)
  region size 1024K, 42 young (43008K), 5 survivors (5120K)
 Metaspace       used 56378K, committed 56768K, reserved 1114112K
  class space    used 7073K, committed 7296K, reserved 1048576K
}
Event: 78.269 GC heap after
{Heap after GC invocations=16 (full 0):
 garbage-first heap   total 148480K, used 60368K [0x0000000089a00000, 0x0000000100000000)
  region size 1024K, 4 young (4096K), 4 survivors (4096K)
 Metaspace       used 56378K, committed 56768K, reserved 1114112K
  class space    used 7073K, committed 7296K, reserved 1048576K
}
Event: 80.613 GC heap before
{Heap before GC invocations=16 (full 0):
 garbage-first heap   total 148480K, used 63440K [0x0000000089a00000, 0x0000000100000000)
  region size 1024K, 7 young (7168K), 4 survivors (4096K)
 Metaspace       used 56454K, committed 56832K, reserved 1114112K
  class space    used 7075K, committed 7296K, reserved 1048576K
}
Event: 80.618 GC heap after
{Heap after GC invocations=17 (full 0):
 garbage-first heap   total 148480K, used 60337K [0x0000000089a00000, 0x0000000100000000)
  region size 1024K, 1 young (1024K), 1 survivors (1024K)
 Metaspace       used 56454K, committed 56832K, reserved 1114112K
  class space    used 7075K, committed 7296K, reserved 1048576K
}
Event: 91.375 GC heap before
{Heap before GC invocations=17 (full 0):
 garbage-first heap   total 148480K, used 63409K [0x0000000089a00000, 0x0000000100000000)
  region size 1024K, 5 young (5120K), 1 survivors (1024K)
 Metaspace       used 56570K, committed 57024K, reserved 1114112K
  class space    used 7075K, committed 7296K, reserved 1048576K
}
Event: 91.377 GC heap after
{Heap after GC invocations=18 (full 0):
 garbage-first heap   total 148480K, used 60424K [0x0000000089a00000, 0x0000000100000000)
  region size 1024K, 2 young (2048K), 2 survivors (2048K)
 Metaspace       used 56570K, committed 57024K, reserved 1114112K
  class space    used 7075K, committed 7296K, reserved 1048576K
}

